<?xml version="1.0" encoding="UTF-8"?>
<!-- Generated by org.testng.reporters.JUnitXMLReporter -->
<testsuite ignored="0" hostname="F2VBET-251" failures="0" tests="4" name="Test" time="21.221" errors="0" timestamp="2024-02-06T16:29:36 AMT">
  <testcase classname="com.test.LoginTest" name="loginWithInValidUserNameAndInValidPassowrd" time="1.428"/>
  <testcase classname="com.test.LoginTest" name="loginWithInValidUserNameAndValidPassowrd" time="1.393"/>
  <testcase classname="com.test.LoginTest" name="loginWithValidUserNameAndInValidPassowrd" time="1.627"/>
  <testcase classname="com.test.LoginTest" name="loginWithValidUserNameAndValidPassowrd" time="1.509"/>
</testsuite> <!-- Test -->
